# JRE version: OpenJDK Runtime Environment (8.0_322-b06) (build 1.8.0_322-b06)
# Java VM: OpenJDK 64-Bit Server VM (25.322-b06 mixed mode linux-amd64 compressed oops)
Heap:
 PSYoungGen      total 166912K, used 117890K [0x0000000782380000, 0x0000000791780000, 0x00000007c0000000)
  eden space 154624K, 68% used [0x0000000782380000,0x0000000788aa51a0,0x000000078ba80000)
  from space 12288K, 99% used [0x000000078ba80000,0x000000078c67b970,0x000000078c680000)
  to   space 15360K, 0% used [0x0000000790880000,0x0000000790880000,0x0000000791780000)
 ParOldGen       total 116736K, used 18196K [0x0000000706a00000, 0x000000070dc00000, 0x0000000782380000)
  object space 116736K, 15% used [0x0000000706a00000,0x0000000707bc5150,0x000000070dc00000)
 Metaspace       used 55788K, capacity 58940K, committed 59028K, reserved 1099776K
  class space    used 7443K, capacity 7991K, committed 8024K, reserved 1048576K
GC Heap History (10 events):
Event: 4.815 GC heap before
{Heap before GC invocations=5 (full 1):
 PSYoungGen      total 103936K, used 6097K [0x0000000782380000, 0x0000000789080000, 0x00000007c0000000)
  eden space 96256K, 0% used [0x0000000782380000,0x0000000782380000,0x0000000788180000)
  from space 7680K, 79% used [0x0000000788900000,0x0000000788ef46a0,0x0000000789080000)
  to   space 7680K, 0% used [0x0000000788180000,0x0000000788180000,0x0000000788900000)
 ParOldGen       total 126976K, used 809K [0x0000000706a00000, 0x000000070e600000, 0x0000000782380000)
  object space 126976K, 0% used [0x0000000706a00000,0x0000000706aca5a0,0x000000070e600000)
 Metaspace       used 20284K, capacity 21146K, committed 21248K, reserved 1067008K
  class space    used 2515K, capacity 2719K, committed 2816K, reserved 1048576K
Event: 4.870 GC heap after
Heap after GC invocations=5 (full 1):
 PSYoungGen      total 103936K, used 0K [0x0000000782380000, 0x0000000789080000, 0x00000007c0000000)
  eden space 96256K, 0% used [0x0000000782380000,0x0000000782380000,0x0000000788180000)
  from space 7680K, 0% used [0x0000000788900000,0x0000000788900000,0x0000000789080000)
  to   space 7680K, 0% used [0x0000000788180000,0x0000000788180000,0x0000000788900000)
 ParOldGen       total 71680K, used 5956K [0x0000000706a00000, 0x000000070b000000, 0x0000000782380000)
  object space 71680K, 8% used [0x0000000706a00000,0x0000000706fd1180,0x000000070b000000)
 Metaspace       used 20284K, capacity 21146K, committed 21248K, reserved 1067008K
  class space    used 2515K, capacity 2719K, committed 2816K, reserved 1048576K
}
Event: 6.887 GC heap before
{Heap before GC invocations=6 (full 1):
 PSYoungGen      total 103936K, used 96256K [0x0000000782380000, 0x0000000789080000, 0x00000007c0000000)
  eden space 96256K, 100% used [0x0000000782380000,0x0000000788180000,0x0000000788180000)
  from space 7680K, 0% used [0x0000000788900000,0x0000000788900000,0x0000000789080000)
  to   space 7680K, 0% used [0x0000000788180000,0x0000000788180000,0x0000000788900000)
 ParOldGen       total 71680K, used 5956K [0x0000000706a00000, 0x000000070b000000, 0x0000000782380000)
  object space 71680K, 8% used [0x0000000706a00000,0x0000000706fd1180,0x000000070b000000)
 Metaspace       used 26488K, capacity 27956K, committed 28032K, reserved 1073152K
  class space    used 3359K, capacity 3668K, committed 3712K, reserved 1048576K
Event: 6.904 GC heap after
Heap after GC invocations=6 (full 1):
 PSYoungGen      total 103936K, used 7658K [0x0000000782380000, 0x000000078d080000, 0x00000007c0000000)
  eden space 96256K, 0% used [0x0000000782380000,0x0000000782380000,0x0000000788180000)
  from space 7680K, 99% used [0x0000000788180000,0x00000007888faac0,0x0000000788900000)
  to   space 10240K, 0% used [0x000000078c680000,0x000000078c680000,0x000000078d080000)
 ParOldGen       total 71680K, used 7449K [0x0000000706a00000, 0x000000070b000000, 0x0000000782380000)
  object space 71680K, 10% used [0x0000000706a00000,0x00000007071464c8,0x000000070b000000)
 Metaspace       used 26488K, capacity 27956K, committed 28032K, reserved 1073152K
  class space    used 3359K, capacity 3668K, committed 3712K, reserved 1048576K
}
Event: 8.657 GC heap before
{Heap before GC invocations=7 (full 1):
 PSYoungGen      total 103936K, used 78067K [0x0000000782380000, 0x000000078d080000, 0x00000007c0000000)
  eden space 96256K, 73% used [0x0000000782380000,0x00000007868421e8,0x0000000788180000)
  from space 7680K, 99% used [0x0000000788180000,0x00000007888faac0,0x0000000788900000)
  to   space 10240K, 0% used [0x000000078c680000,0x000000078c680000,0x000000078d080000)
 ParOldGen       total 71680K, used 7449K [0x0000000706a00000, 0x000000070b000000, 0x0000000782380000)
  object space 71680K, 10% used [0x0000000706a00000,0x00000007071464c8,0x000000070b000000)
 Metaspace       used 33217K, capacity 35318K, committed 35416K, reserved 1079296K
  class space    used 4237K, capacity 4615K, committed 4696K, reserved 1048576K
Event: 8.701 GC heap after
Heap after GC invocations=7 (full 1):
 PSYoungGen      total 164864K, used 10214K [0x0000000782380000, 0x000000078d600000, 0x00000007c0000000)
  eden space 154624K, 0% used [0x0000000782380000,0x0000000782380000,0x000000078ba80000)
  from space 10240K, 99% used [0x000000078c680000,0x000000078d079ae8,0x000000078d080000)
  to   space 12288K, 0% used [0x000000078ba80000,0x000000078ba80000,0x000000078c680000)
 ParOldGen       total 71680K, used 8183K [0x0000000706a00000, 0x000000070b000000, 0x0000000782380000)
  object space 71680K, 11% used [0x0000000706a00000,0x00000007071fdcd8,0x000000070b000000)
 Metaspace       used 33217K, capacity 35318K, committed 35416K, reserved 1079296K
  class space    used 4237K, capacity 4615K, committed 4696K, reserved 1048576K
}
Event: 8.701 GC heap before
{Heap before GC invocations=8 (full 2):
 PSYoungGen      total 164864K, used 10214K [0x0000000782380000, 0x000000078d600000, 0x00000007c0000000)
  eden space 154624K, 0% used [0x0000000782380000,0x0000000782380000,0x000000078ba80000)
  from space 10240K, 99% used [0x000000078c680000,0x000000078d079ae8,0x000000078d080000)
  to   space 12288K, 0% used [0x000000078ba80000,0x000000078ba80000,0x000000078c680000)
 ParOldGen       total 71680K, used 8183K [0x0000000706a00000, 0x000000070b000000, 0x0000000782380000)
  object space 71680K, 11% used [0x0000000706a00000,0x00000007071fdcd8,0x000000070b000000)
 Metaspace       used 33217K, capacity 35318K, committed 35416K, reserved 1079296K
  class space    used 4237K, capacity 4615K, committed 4696K, reserved 1048576K
Event: 8.847 GC heap after
Heap after GC invocations=8 (full 2):
 PSYoungGen      total 164864K, used 0K [0x0000000782380000, 0x000000078d600000, 0x00000007c0000000)
  eden space 154624K, 0% used [0x0000000782380000,0x0000000782380000,0x000000078ba80000)
  from space 10240K, 0% used [0x000000078c680000,0x000000078c680000,0x000000078d080000)
  to   space 12288K, 0% used [0x000000078ba80000,0x000000078ba80000,0x000000078c680000)
 ParOldGen       total 116736K, used 15194K [0x0000000706a00000, 0x000000070dc00000, 0x0000000782380000)
  object space 116736K, 13% used [0x0000000706a00000,0x00000007078d6b00,0x000000070dc00000)
 Metaspace       used 33217K, capacity 35318K, committed 35416K, reserved 1079296K
  class space    used 4237K, capacity 4615K, committed 4696K, reserved 1048576K
}
Event: 12.730 GC heap before
{Heap before GC invocations=9 (full 2):
 PSYoungGen      total 164864K, used 154624K [0x0000000782380000, 0x000000078d600000, 0x00000007c0000000)
  eden space 154624K, 100% used [0x0000000782380000,0x000000078ba80000,0x000000078ba80000)
  from space 10240K, 0% used [0x000000078c680000,0x000000078c680000,0x000000078d080000)
  to   space 12288K, 0% used [0x000000078ba80000,0x000000078ba80000,0x000000078c680000)
 ParOldGen       total 116736K, used 15194K [0x0000000706a00000, 0x000000070dc00000, 0x0000000782380000)
  object space 116736K, 13% used [0x0000000706a00000,0x00000007078d6b00,0x000000070dc00000)
 Metaspace       used 49671K, capacity 52150K, committed 52440K, reserved 1095680K
  class space    used 6626K, capacity 7048K, committed 7128K, reserved 1048576K
Event: 12.761 GC heap after
Heap after GC invocations=9 (full 2):
 PSYoungGen      total 166912K, used 12270K [0x0000000782380000, 0x0000000791780000, 0x00000007c0000000)
  eden space 154624K, 0% used [0x0000000782380000,0x0000000782380000,0x000000078ba80000)
  from space 12288K, 99% used [0x000000078ba80000,0x000000078c67b970,0x000000078c680000)
  to   space 15360K, 0% used [0x0000000790880000,0x0000000790880000,0x0000000791780000)
 ParOldGen       total 116736K, used 18196K [0x0000000706a00000, 0x000000070dc00000, 0x0000000782380000)
  object space 116736K, 15% used [0x0000000706a00000,0x0000000707bc5150,0x000000070dc00000)
 Metaspace       used 49671K, capacity 52150K, committed 52440K, reserved 1095680K
  class space    used 6626K, capacity 7048K, committed 7128K, reserved 1048576K
}

